<?xml version="1.0" encoding="utf-8"?><testsuites name="pytest tests"><testsuite name="pytest" errors="0" failures="1" skipped="0" tests="14" time="11.425" timestamp="2026-01-06T09:34:37.335879+00:00" hostname="agent-env-a1af9939-c4ff-4c1c-a1eb-c2eb5f9a9fc9"><testcase classname="tests.test_backend_api.TestHealthAndBasics" name="test_api_reachable" time="0.415" /><testcase classname="tests.test_backend_api.TestAuthEndpoints" name="test_admin_login_success" time="0.716" /><testcase classname="tests.test_backend_api.TestAuthEndpoints" name="test_login_invalid_credentials" time="0.300" /><testcase classname="tests.test_backend_api.TestAuthEndpoints" name="test_register_buyer" time="0.396" /><testcase classname="tests.test_backend_api.TestAuthEndpoints" name="test_register_seller" time="0.391" /><testcase classname="tests.test_backend_api.TestAdminEndpoints" name="test_get_all_users" time="1.485" /><testcase classname="tests.test_backend_api.TestAdminEndpoints" name="test_create_invite_code" time="1.498"><failure message="AssertionError: Create invite code failed: {&quot;detail&quot;:&quot;{'message': 'new row violates row-level security policy for table \&quot;merchant_invite_codes\&quot;', 'code': '42501', 'hint': None, 'details': None}&quot;}&#10;assert 400 == 200&#10; +  where 400 = &lt;Response [400]&gt;.status_code">tests/test_backend_api.py:138: in test_create_invite_code
    assert response.status_code == 200, f"Create invite code failed: {response.text}"
E   AssertionError: Create invite code failed: {"detail":"{'message': 'new row violates row-level security policy for table \"merchant_invite_codes\"', 'code': '42501', 'hint': None, 'details': None}"}
E   assert 400 == 200
E    +  where 400 = &lt;Response [400]&gt;.status_code</failure></testcase><testcase classname="tests.test_backend_api.TestAdminEndpoints" name="test_get_invite_codes" time="1.507" /><testcase classname="tests.test_backend_api.TestAdminEndpoints" name="test_get_verification_documents" time="1.490" /><testcase classname="tests.test_backend_api.TestAdminEndpoints" name="test_get_orders_as_admin" time="1.539" /><testcase classname="tests.test_backend_api.TestAdminEndpoints" name="test_unauthorized_access_to_admin_endpoints" time="0.032" /><testcase classname="tests.test_backend_api.TestProductEndpoints" name="test_get_products_public" time="0.300" /><testcase classname="tests.test_backend_api.TestProductEndpoints" name="test_get_my_products_requires_auth" time="0.037" /><testcase classname="tests.test_backend_api.TestMeEndpoint" name="test_me_endpoint_with_admin" time="1.231" /></testsuite></testsuites>