<?xml version="1.0" encoding="utf-8"?><testsuites name="pytest tests"><testsuite name="pytest" errors="0" failures="1" skipped="4" tests="18" time="24.384" timestamp="2026-01-06T10:16:19.738091+00:00" hostname="agent-env-a1af9939-c4ff-4c1c-a1eb-c2eb5f9a9fc9"><testcase classname="tests.test_marketplace_flows_v3.TestAuthenticationFlows" name="test_admin_login" time="0.771" /><testcase classname="tests.test_marketplace_flows_v3.TestAuthenticationFlows" name="test_seller_login" time="0.730" /><testcase classname="tests.test_marketplace_flows_v3.TestAuthenticationFlows" name="test_buyer_login" time="0.667" /><testcase classname="tests.test_marketplace_flows_v3.TestSellerVerificationFlow" name="test_seller_verification_status" time="1.239" /><testcase classname="tests.test_marketplace_flows_v3.TestSellerVerificationFlow" name="test_upload_verification_document" time="3.334"><failure message="AssertionError: Upload failed: {&quot;detail&quot;:&quot;{'statusCode': 404, 'error': Bucket not found, 'message': Bucket not found}&quot;}&#10;assert 400 == 200&#10; +  where 400 = &lt;Response [400]&gt;.status_code">tests/test_marketplace_flows_v3.py:137: in test_upload_verification_document
    assert response.status_code == 200, f"Upload failed: {response.text}"
E   AssertionError: Upload failed: {"detail":"{'statusCode': 404, 'error': Bucket not found, 'message': Bucket not found}"}
E   assert 400 == 200
E    +  where 400 = &lt;Response [400]&gt;.status_code</failure></testcase><testcase classname="tests.test_marketplace_flows_v3.TestAdminVerificationReview" name="test_get_pending_verifications" time="1.542" /><testcase classname="tests.test_marketplace_flows_v3.TestAdminVerificationReview" name="test_approve_seller_verification" time="1.534"><skipped type="pytest.skip" message="No pending documents">/app/tests/test_marketplace_flows_v3.py:182: No pending documents</skipped></testcase><testcase classname="tests.test_marketplace_flows_v3.TestProductCreation" name="test_seller_verification_required" time="1.286" /><testcase classname="tests.test_marketplace_flows_v3.TestProductCreation" name="test_create_product" time="1.255"><skipped type="pytest.skip" message="Seller not verified">/app/tests/test_marketplace_flows_v3.py:230: Seller not verified</skipped></testcase><testcase classname="tests.test_marketplace_flows_v3.TestProductCreation" name="test_get_seller_products" time="1.516" /><testcase classname="tests.test_marketplace_flows_v3.TestBuyerCheckoutFlow" name="test_get_available_products" time="0.297" /><testcase classname="tests.test_marketplace_flows_v3.TestBuyerCheckoutFlow" name="test_create_order" time="0.965"><skipped type="pytest.skip" message="No products available">/app/tests/test_marketplace_flows_v3.py:296: No products available</skipped></testcase><testcase classname="tests.test_marketplace_flows_v3.TestBuyerCheckoutFlow" name="test_get_buyer_orders" time="1.502" /><testcase classname="tests.test_marketplace_flows_v3.TestAdminOrderManagement" name="test_get_all_orders" time="1.532" /><testcase classname="tests.test_marketplace_flows_v3.TestAdminOrderManagement" name="test_confirm_payment" time="1.580"><skipped type="pytest.skip" message="No pending orders">/app/tests/test_marketplace_flows_v3.py:379: No pending orders</skipped></testcase><testcase classname="tests.test_marketplace_flows_v3.TestInviteCodeManagement" name="test_get_invite_codes" time="1.494" /><testcase classname="tests.test_marketplace_flows_v3.TestInviteCodeManagement" name="test_create_invite_code" time="1.501" /><testcase classname="tests.test_marketplace_flows_v3.TestAdminUserManagement" name="test_get_all_users" time="1.562" /></testsuite></testsuites>