<?xml version="1.0" encoding="utf-8"?><testsuites name="pytest tests"><testsuite name="pytest" errors="0" failures="3" skipped="0" tests="16" time="17.690" timestamp="2026-01-14T20:13:05.209587+00:00" hostname="agent-env-cb7f3ec1-28af-4c99-ba26-3c232184a2eb"><testcase classname="tests.test_product_catalog.TestPublicProductsAPI" name="test_get_all_products" time="0.492" /><testcase classname="tests.test_product_catalog.TestPublicProductsAPI" name="test_products_have_required_fields" time="0.347" /><testcase classname="tests.test_product_catalog.TestPublicProductsAPI" name="test_products_have_categories" time="0.343" /><testcase classname="tests.test_product_catalog.TestPublicProductsAPI" name="test_get_categories" time="0.079" /><testcase classname="tests.test_product_catalog.TestAdminAuthentication" name="test_admin_login" time="0.859" /><testcase classname="tests.test_product_catalog.TestAdminAuthentication" name="test_admin_products_requires_auth" time="0.047" /><testcase classname="tests.test_product_catalog.TestAdminProductManagement" name="test_admin_get_all_products" time="1.791" /><testcase classname="tests.test_product_catalog.TestAdminProductManagement" name="test_admin_create_product" time="1.829"><failure message="AssertionError: Create failed: 400 - {&quot;detail&quot;:&quot;{'message': \&quot;Could not find the 'created_by_admin' column of 'products' in the schema cache\&quot;, 'code': 'PGRST204', 'hint': None, 'details': None}&quot;}&#10;assert 400 in [200, 201]&#10; +  where 400 = &lt;Response [400]&gt;.status_code">tests/test_product_catalog.py:140: in test_admin_create_product
    assert response.status_code in [200, 201], f"Create failed: {response.status_code} - {response.text}"
E   AssertionError: Create failed: 400 - {"detail":"{'message': \"Could not find the 'created_by_admin' column of 'products' in the schema cache\", 'code': 'PGRST204', 'hint': None, 'details': None}"}
E   assert 400 in [200, 201]
E    +  where 400 = &lt;Response [400]&gt;.status_code</failure></testcase><testcase classname="tests.test_product_catalog.TestAdminProductManagement" name="test_admin_update_product" time="1.787"><failure message="assert 400 in [200, 201]&#10; +  where 400 = &lt;Response [400]&gt;.status_code">tests/test_product_catalog.py:163: in test_admin_update_product
    assert create_response.status_code in [200, 201]
E   assert 400 in [200, 201]
E    +  where 400 = &lt;Response [400]&gt;.status_code</failure></testcase><testcase classname="tests.test_product_catalog.TestAdminProductManagement" name="test_admin_delete_product" time="1.747"><failure message="assert 400 in [200, 201]&#10; +  where 400 = &lt;Response [400]&gt;.status_code">tests/test_product_catalog.py:194: in test_admin_delete_product
    assert create_response.status_code in [200, 201]
E   assert 400 in [200, 201]
E    +  where 400 = &lt;Response [400]&gt;.status_code</failure></testcase><testcase classname="tests.test_product_catalog.TestSellerCatalogAccess" name="test_seller_login" time="0.741" /><testcase classname="tests.test_product_catalog.TestSellerCatalogAccess" name="test_seller_get_catalog" time="2.533" /><testcase classname="tests.test_product_catalog.TestSellerCatalogAccess" name="test_seller_my_products" time="1.822" /><testcase classname="tests.test_product_catalog.TestBuyerAccess" name="test_buyer_login" time="0.813" /><testcase classname="tests.test_product_catalog.TestBuyerAccess" name="test_buyer_can_browse_products" time="0.358" /><testcase classname="tests.test_product_catalog.TestCleanup" name="test_cleanup_test_products" time="1.873" /></testsuite></testsuites>