<?xml version="1.0" encoding="utf-8"?><testsuites name="pytest tests"><testsuite name="pytest" errors="0" failures="0" skipped="1" tests="18" time="16.472" timestamp="2026-01-06T09:48:00.097214+00:00" hostname="agent-env-a1af9939-c4ff-4c1c-a1eb-c2eb5f9a9fc9"><testcase classname="tests.test_marketplace_flows.TestHealthAndBasics" name="test_api_reachable" time="0.421" /><testcase classname="tests.test_marketplace_flows.TestAuthEndpoints" name="test_admin_login_success" time="0.711" /><testcase classname="tests.test_marketplace_flows.TestAuthEndpoints" name="test_login_invalid_credentials" time="0.300" /><testcase classname="tests.test_marketplace_flows.TestAuthEndpoints" name="test_register_new_user" time="0.396"><skipped type="pytest.skip" message="CRITICAL: Supabase auth signup returning 500 - Database error saving new user">/app/tests/test_marketplace_flows.py:71: CRITICAL: Supabase auth signup returning 500 - Database error saving new user</skipped></testcase><testcase classname="tests.test_marketplace_flows.TestAdminEndpoints" name="test_get_all_users" time="1.512" /><testcase classname="tests.test_marketplace_flows.TestAdminEndpoints" name="test_create_invite_code" time="1.524" /><testcase classname="tests.test_marketplace_flows.TestAdminEndpoints" name="test_get_invite_codes" time="1.509" /><testcase classname="tests.test_marketplace_flows.TestAdminEndpoints" name="test_get_verification_documents" time="1.496" /><testcase classname="tests.test_marketplace_flows.TestAdminEndpoints" name="test_get_orders_as_admin" time="1.489" /><testcase classname="tests.test_marketplace_flows.TestAdminEndpoints" name="test_unauthorized_access_to_admin_endpoints" time="0.030" /><testcase classname="tests.test_marketplace_flows.TestProductEndpoints" name="test_get_products_public" time="0.299" /><testcase classname="tests.test_marketplace_flows.TestProductEndpoints" name="test_get_my_products_requires_auth" time="0.034" /><testcase classname="tests.test_marketplace_flows.TestProductEndpoints" name="test_create_product_requires_verified_seller" time="1.215" /><testcase classname="tests.test_marketplace_flows.TestMeEndpoint" name="test_me_endpoint_with_admin" time="1.237" /><testcase classname="tests.test_marketplace_flows.TestVerificationEndpoints" name="test_verification_upload_requires_auth" time="0.036" /><testcase classname="tests.test_marketplace_flows.TestVerificationEndpoints" name="test_verification_review_requires_admin" time="1.489" /><testcase classname="tests.test_marketplace_flows.TestOrderEndpoints" name="test_create_order_requires_buyer_role" time="1.221" /><testcase classname="tests.test_marketplace_flows.TestOrderEndpoints" name="test_update_order_status_requires_admin" time="1.478" /></testsuite></testsuites>